CRITICAL - 2021-12-22 14:28:31 --> Undefined variable $title
#0 C:\xampp\htdocs\gym\GYM\app\Views\layout\header.php(3): CodeIgniter\Debug\Exceptions->errorHandler(2, 'Undefined varia...', 'C:\\xampp\\htdocs...', 3)
#1 C:\xampp\htdocs\gym\GYM\system\View\View.php(214): include('C:\\xampp\\htdocs...')
#2 C:\xampp\htdocs\gym\GYM\system\View\View.php(217): CodeIgniter\View\View->CodeIgniter\View\{closure}()
#3 C:\xampp\htdocs\gym\GYM\system\Common.php(1097): CodeIgniter\View\View->render('layout/header', Array, true)
#4 C:\xampp\htdocs\gym\GYM\app\Controllers\Home.php(9): view('layout/header')
#5 C:\xampp\htdocs\gym\GYM\system\CodeIgniter.php(824): App\Controllers\Home->index()
#6 C:\xampp\htdocs\gym\GYM\system\CodeIgniter.php(410): CodeIgniter\CodeIgniter->runController(Object(App\Controllers\Home))
#7 C:\xampp\htdocs\gym\GYM\system\CodeIgniter.php(318): CodeIgniter\CodeIgniter->handleRequest(NULL, Object(Config\Cache), false)
#8 C:\xampp\htdocs\gym\GYM\public\index.php(37): CodeIgniter\CodeIgniter->run()
#9 C:\xampp\htdocs\gym\GYM\system\Commands\Server\rewrite.php(43): require_once('C:\\xampp\\htdocs...')
#10 {main}
CRITICAL - 2021-12-22 14:40:17 --> Undefined property: CodeIgniter\View\View::$session
#0 C:\xampp\htdocs\gym\GYM\app\Views\user\auth\login.php(31): CodeIgniter\Debug\Exceptions->errorHandler(2, 'Undefined prope...', 'C:\\xampp\\htdocs...', 31)
#1 C:\xampp\htdocs\gym\GYM\system\View\View.php(214): include('C:\\xampp\\htdocs...')
#2 C:\xampp\htdocs\gym\GYM\system\View\View.php(217): CodeIgniter\View\View->CodeIgniter\View\{closure}()
#3 C:\xampp\htdocs\gym\GYM\system\Common.php(1097): CodeIgniter\View\View->render('user/auth/login', Array, true)
#4 C:\xampp\htdocs\gym\GYM\app\Controllers\User.php(13): view('user/auth/login', Array)
#5 C:\xampp\htdocs\gym\GYM\system\CodeIgniter.php(824): App\Controllers\User->index()
#6 C:\xampp\htdocs\gym\GYM\system\CodeIgniter.php(410): CodeIgniter\CodeIgniter->runController(Object(App\Controllers\User))
#7 C:\xampp\htdocs\gym\GYM\system\CodeIgniter.php(318): CodeIgniter\CodeIgniter->handleRequest(NULL, Object(Config\Cache), false)
#8 C:\xampp\htdocs\gym\GYM\public\index.php(37): CodeIgniter\CodeIgniter->run()
#9 C:\xampp\htdocs\gym\GYM\system\Commands\Server\rewrite.php(43): require_once('C:\\xampp\\htdocs...')
#10 {main}
CRITICAL - 2021-12-22 14:59:43 --> Undefined variable $session
#0 C:\xampp\htdocs\gym\GYM\app\Views\user\auth\login.php(31): CodeIgniter\Debug\Exceptions->errorHandler(2, 'Undefined varia...', 'C:\\xampp\\htdocs...', 31)
#1 C:\xampp\htdocs\gym\GYM\system\View\View.php(214): include('C:\\xampp\\htdocs...')
#2 C:\xampp\htdocs\gym\GYM\system\View\View.php(217): CodeIgniter\View\View->CodeIgniter\View\{closure}()
#3 C:\xampp\htdocs\gym\GYM\system\Common.php(1097): CodeIgniter\View\View->render('user/auth/login', Array, true)
#4 C:\xampp\htdocs\gym\GYM\app\Controllers\User.php(13): view('user/auth/login', Array)
#5 C:\xampp\htdocs\gym\GYM\system\CodeIgniter.php(824): App\Controllers\User->index()
#6 C:\xampp\htdocs\gym\GYM\system\CodeIgniter.php(410): CodeIgniter\CodeIgniter->runController(Object(App\Controllers\User))
#7 C:\xampp\htdocs\gym\GYM\system\CodeIgniter.php(318): CodeIgniter\CodeIgniter->handleRequest(NULL, Object(Config\Cache), false)
#8 C:\xampp\htdocs\gym\GYM\public\index.php(37): CodeIgniter\CodeIgniter->run()
#9 C:\xampp\htdocs\gym\GYM\system\Commands\Server\rewrite.php(43): require_once('C:\\xampp\\htdocs...')
#10 {main}
CRITICAL - 2021-12-22 15:01:19 --> Undefined variable $session
#0 C:\xampp\htdocs\gym\GYM\app\Views\user\auth\login.php(31): CodeIgniter\Debug\Exceptions->errorHandler(2, 'Undefined varia...', 'C:\\xampp\\htdocs...', 31)
#1 C:\xampp\htdocs\gym\GYM\system\View\View.php(214): include('C:\\xampp\\htdocs...')
#2 C:\xampp\htdocs\gym\GYM\system\View\View.php(217): CodeIgniter\View\View->CodeIgniter\View\{closure}()
#3 C:\xampp\htdocs\gym\GYM\system\Common.php(1097): CodeIgniter\View\View->render('user/auth/login', Array, true)
#4 C:\xampp\htdocs\gym\GYM\app\Controllers\User.php(14): view('user/auth/login', Array)
#5 C:\xampp\htdocs\gym\GYM\system\CodeIgniter.php(824): App\Controllers\User->index()
#6 C:\xampp\htdocs\gym\GYM\system\CodeIgniter.php(410): CodeIgniter\CodeIgniter->runController(Object(App\Controllers\User))
#7 C:\xampp\htdocs\gym\GYM\system\CodeIgniter.php(318): CodeIgniter\CodeIgniter->handleRequest(NULL, Object(Config\Cache), false)
#8 C:\xampp\htdocs\gym\GYM\public\index.php(37): CodeIgniter\CodeIgniter->run()
#9 C:\xampp\htdocs\gym\GYM\system\Commands\Server\rewrite.php(43): require_once('C:\\xampp\\htdocs...')
#10 {main}
CRITICAL - 2021-12-22 15:01:47 --> Undefined variable $session
#0 C:\xampp\htdocs\gym\GYM\app\Views\user\auth\login.php(31): CodeIgniter\Debug\Exceptions->errorHandler(2, 'Undefined varia...', 'C:\\xampp\\htdocs...', 31)
#1 C:\xampp\htdocs\gym\GYM\system\View\View.php(214): include('C:\\xampp\\htdocs...')
#2 C:\xampp\htdocs\gym\GYM\system\View\View.php(217): CodeIgniter\View\View->CodeIgniter\View\{closure}()
#3 C:\xampp\htdocs\gym\GYM\system\Common.php(1097): CodeIgniter\View\View->render('user/auth/login', Array, true)
#4 C:\xampp\htdocs\gym\GYM\app\Controllers\User.php(14): view('user/auth/login', Array)
#5 C:\xampp\htdocs\gym\GYM\system\CodeIgniter.php(824): App\Controllers\User->index()
#6 C:\xampp\htdocs\gym\GYM\system\CodeIgniter.php(410): CodeIgniter\CodeIgniter->runController(Object(App\Controllers\User))
#7 C:\xampp\htdocs\gym\GYM\system\CodeIgniter.php(318): CodeIgniter\CodeIgniter->handleRequest(NULL, Object(Config\Cache), false)
#8 C:\xampp\htdocs\gym\GYM\public\index.php(37): CodeIgniter\CodeIgniter->run()
#9 C:\xampp\htdocs\gym\GYM\system\Commands\Server\rewrite.php(43): require_once('C:\\xampp\\htdocs...')
#10 {main}
CRITICAL - 2021-12-22 16:28:30 --> Undefined property: CodeIgniter\View\View::$session
#0 C:\xampp\htdocs\gym\GYM\app\Views\user\auth\login.php(31): CodeIgniter\Debug\Exceptions->errorHandler(2, 'Undefined prope...', 'C:\\xampp\\htdocs...', 31)
#1 C:\xampp\htdocs\gym\GYM\system\View\View.php(214): include('C:\\xampp\\htdocs...')
#2 C:\xampp\htdocs\gym\GYM\system\View\View.php(217): CodeIgniter\View\View->CodeIgniter\View\{closure}()
#3 C:\xampp\htdocs\gym\GYM\system\Common.php(1097): CodeIgniter\View\View->render('user/auth/login', Array, true)
#4 C:\xampp\htdocs\gym\GYM\app\Controllers\User.php(15): view('user/auth/login', Array)
#5 C:\xampp\htdocs\gym\GYM\system\CodeIgniter.php(824): App\Controllers\User->index()
#6 C:\xampp\htdocs\gym\GYM\system\CodeIgniter.php(410): CodeIgniter\CodeIgniter->runController(Object(App\Controllers\User))
#7 C:\xampp\htdocs\gym\GYM\system\CodeIgniter.php(318): CodeIgniter\CodeIgniter->handleRequest(NULL, Object(Config\Cache), false)
#8 C:\xampp\htdocs\gym\GYM\public\index.php(37): CodeIgniter\CodeIgniter->run()
#9 C:\xampp\htdocs\gym\GYM\system\Commands\Server\rewrite.php(43): require_once('C:\\xampp\\htdocs...')
#10 {main}
CRITICAL - 2021-12-22 16:40:01 --> Undefined property: CodeIgniter\View\View::$session
#0 C:\xampp\htdocs\gym\GYM\app\Views\user\auth\login.php(32): CodeIgniter\Debug\Exceptions->errorHandler(2, 'Undefined prope...', 'C:\\xampp\\htdocs...', 32)
#1 C:\xampp\htdocs\gym\GYM\system\View\View.php(214): include('C:\\xampp\\htdocs...')
#2 C:\xampp\htdocs\gym\GYM\system\View\View.php(217): CodeIgniter\View\View->CodeIgniter\View\{closure}()
#3 C:\xampp\htdocs\gym\GYM\system\Common.php(1097): CodeIgniter\View\View->render('user/auth/login', Array, true)
#4 C:\xampp\htdocs\gym\GYM\app\Controllers\User.php(15): view('user/auth/login', Array)
#5 C:\xampp\htdocs\gym\GYM\system\CodeIgniter.php(824): App\Controllers\User->index()
#6 C:\xampp\htdocs\gym\GYM\system\CodeIgniter.php(410): CodeIgniter\CodeIgniter->runController(Object(App\Controllers\User))
#7 C:\xampp\htdocs\gym\GYM\system\CodeIgniter.php(318): CodeIgniter\CodeIgniter->handleRequest(NULL, Object(Config\Cache), false)
#8 C:\xampp\htdocs\gym\GYM\public\index.php(37): CodeIgniter\CodeIgniter->run()
#9 C:\xampp\htdocs\gym\GYM\system\Commands\Server\rewrite.php(43): require_once('C:\\xampp\\htdocs...')
#10 {main}
CRITICAL - 2021-12-22 16:40:10 --> Undefined property: CodeIgniter\View\View::$session
#0 C:\xampp\htdocs\gym\GYM\app\Views\user\auth\login.php(32): CodeIgniter\Debug\Exceptions->errorHandler(2, 'Undefined prope...', 'C:\\xampp\\htdocs...', 32)
#1 C:\xampp\htdocs\gym\GYM\system\View\View.php(214): include('C:\\xampp\\htdocs...')
#2 C:\xampp\htdocs\gym\GYM\system\View\View.php(217): CodeIgniter\View\View->CodeIgniter\View\{closure}()
#3 C:\xampp\htdocs\gym\GYM\system\Common.php(1097): CodeIgniter\View\View->render('user/auth/login', Array, true)
#4 C:\xampp\htdocs\gym\GYM\app\Controllers\User.php(15): view('user/auth/login', Array)
#5 C:\xampp\htdocs\gym\GYM\system\CodeIgniter.php(824): App\Controllers\User->index()
#6 C:\xampp\htdocs\gym\GYM\system\CodeIgniter.php(410): CodeIgniter\CodeIgniter->runController(Object(App\Controllers\User))
#7 C:\xampp\htdocs\gym\GYM\system\CodeIgniter.php(318): CodeIgniter\CodeIgniter->handleRequest(NULL, Object(Config\Cache), false)
#8 C:\xampp\htdocs\gym\GYM\public\index.php(37): CodeIgniter\CodeIgniter->run()
#9 C:\xampp\htdocs\gym\GYM\system\Commands\Server\rewrite.php(43): require_once('C:\\xampp\\htdocs...')
#10 {main}
CRITICAL - 2021-12-22 18:03:10 --> Call to undefined method App\Models\User::login
#0 C:\xampp\htdocs\gym\GYM\app\Controllers\User.php(19): CodeIgniter\Model->__call('login', Array)
#1 C:\xampp\htdocs\gym\GYM\system\CodeIgniter.php(824): App\Controllers\User->login()
#2 C:\xampp\htdocs\gym\GYM\system\CodeIgniter.php(410): CodeIgniter\CodeIgniter->runController(Object(App\Controllers\User))
#3 C:\xampp\htdocs\gym\GYM\system\CodeIgniter.php(318): CodeIgniter\CodeIgniter->handleRequest(NULL, Object(Config\Cache), false)
#4 C:\xampp\htdocs\gym\GYM\public\index.php(37): CodeIgniter\CodeIgniter->run()
#5 C:\xampp\htdocs\gym\GYM\system\Commands\Server\rewrite.php(43): require_once('C:\\xampp\\htdocs...')
#6 {main}
CRITICAL - 2021-12-22 18:03:26 --> Call to undefined method App\Models\User::login
#0 C:\xampp\htdocs\gym\GYM\app\Controllers\User.php(19): CodeIgniter\Model->__call('login', Array)
#1 C:\xampp\htdocs\gym\GYM\system\CodeIgniter.php(824): App\Controllers\User->login()
#2 C:\xampp\htdocs\gym\GYM\system\CodeIgniter.php(410): CodeIgniter\CodeIgniter->runController(Object(App\Controllers\User))
#3 C:\xampp\htdocs\gym\GYM\system\CodeIgniter.php(318): CodeIgniter\CodeIgniter->handleRequest(NULL, Object(Config\Cache), false)
#4 C:\xampp\htdocs\gym\GYM\public\index.php(37): CodeIgniter\CodeIgniter->run()
#5 C:\xampp\htdocs\gym\GYM\system\Commands\Server\rewrite.php(43): require_once('C:\\xampp\\htdocs...')
#6 {main}
